<?xml version="1.0" encoding="UTF-8" ?>
<testsuite failures="0" time="0.027" errors="0" skipped="0" tests="57" name="org.apache.mahout.math.TestDenseMatrix">
  <properties>
    <property name="java.runtime.name" value="Java(TM) SE Runtime Environment"/>
    <property name="sun.boot.library.path" value="/System/Library/Java/JavaVirtualMachines/1.6.0.jdk/Contents/Libraries"/>
    <property name="java.vm.version" value="20.12-b01-434"/>
    <property name="awt.nativeDoubleBuffering" value="true"/>
    <property name="gopherProxySet" value="false"/>
    <property name="mrj.build" value="11M3909"/>
    <property name="java.vm.vendor" value="Apple Inc."/>
    <property name="java.vendor.url" value="http://www.apple.com/"/>
    <property name="path.separator" value=":"/>
    <property name="java.vm.name" value="Java HotSpot(TM) 64-Bit Server VM"/>
    <property name="file.encoding.pkg" value="sun.io"/>
    <property name="user.country" value="CN"/>
    <property name="sun.java.launcher" value="SUN_STANDARD"/>
    <property name="sun.os.patch.level" value="unknown"/>
    <property name="java.vm.specification.name" value="Java Virtual Machine Specification"/>
    <property name="user.dir" value="/Users/liuivan/Workspace/Libraries/mahout-distribution-0.7/math"/>
    <property name="java.runtime.version" value="1.6.0_37-b06-434-11M3909"/>
    <property name="java.awt.graphicsenv" value="apple.awt.CGraphicsEnvironment"/>
    <property name="basedir" value="/Users/liuivan/Workspace/Libraries/mahout-distribution-0.7/math"/>
    <property name="java.endorsed.dirs" value="/System/Library/Java/JavaVirtualMachines/1.6.0.jdk/Contents/Home/lib/endorsed"/>
    <property name="os.arch" value="x86_64"/>
    <property name="surefire.real.class.path" value="/Users/liuivan/Workspace/Libraries/mahout-distribution-0.7/math/target/surefire/surefirebooter4805296863936761497.jar"/>
    <property name="java.io.tmpdir" value="/var/folders/ps/lb0gqrrn3770x7pk5x6_sdzr0000gn/T/"/>
    <property name="line.separator" value="
"/>
    <property name="java.vm.specification.vendor" value="Sun Microsystems Inc."/>
    <property name="os.name" value="Mac OS X"/>
    <property name="sun.jnu.encoding" value="EUC_CN"/>
    <property name="java.library.path" value="/Applications/IntelliJ IDEA 11.app/Contents/Resources/Java:/System/Library/PrivateFrameworks/JavaApplicationLauncher.framework/Resources:.:/Library/Java/Extensions:/System/Library/Java/Extensions:/usr/lib/java"/>
    <property name="surefire.test.class.path" value="/Users/liuivan/Workspace/Libraries/mahout-distribution-0.7/math/target/test-classes:/Users/liuivan/Workspace/Libraries/mahout-distribution-0.7/math/target/classes:/Users/liuivan/.m2/repository/org/apache/commons/commons-math/2.2/commons-math-2.2.jar:/Users/liuivan/.m2/repository/org/uncommons/maths/uncommons-maths/1.2.2/uncommons-maths-1.2.2.jar:/Users/liuivan/.m2/repository/jfree/jcommon/1.0.12/jcommon-1.0.12.jar:/Users/liuivan/.m2/repository/com/google/guava/guava/r09/guava-r09.jar:/Users/liuivan/.m2/repository/org/slf4j/slf4j-api/1.6.1/slf4j-api-1.6.1.jar:/Users/liuivan/.m2/repository/org/slf4j/slf4j-jcl/1.6.1/slf4j-jcl-1.6.1.jar:/Users/liuivan/.m2/repository/commons-logging/commons-logging/1.1.1/commons-logging-1.1.1.jar:/Users/liuivan/.m2/repository/junit/junit/4.8.2/junit-4.8.2.jar:"/>
    <property name="java.specification.name" value="Java Platform API Specification"/>
    <property name="java.class.version" value="50.0"/>
    <property name="sun.management.compiler" value="HotSpot 64-Bit Tiered Compilers"/>
    <property name="os.version" value="10.7.5"/>
    <property name="http.nonProxyHosts" value="local„ÄÅ169.254/16„ÄÅ127.0.0.1|*.local„ÄÅ169.254/16„ÄÅ127.0.0.1"/>
    <property name="user.home" value="/Users/liuivan"/>
    <property name="user.timezone" value="Asia/Shanghai"/>
    <property name="java.awt.printerjob" value="apple.awt.CPrinterJob"/>
    <property name="java.specification.version" value="1.6"/>
    <property name="file.encoding" value="EUC_CN"/>
    <property name="user.name" value="liuivan"/>
    <property name="java.class.path" value="/Users/liuivan/Workspace/Libraries/mahout-distribution-0.7/math/target/test-classes:/Users/liuivan/Workspace/Libraries/mahout-distribution-0.7/math/target/classes:/Users/liuivan/.m2/repository/org/apache/commons/commons-math/2.2/commons-math-2.2.jar:/Users/liuivan/.m2/repository/org/uncommons/maths/uncommons-maths/1.2.2/uncommons-maths-1.2.2.jar:/Users/liuivan/.m2/repository/jfree/jcommon/1.0.12/jcommon-1.0.12.jar:/Users/liuivan/.m2/repository/com/google/guava/guava/r09/guava-r09.jar:/Users/liuivan/.m2/repository/org/slf4j/slf4j-api/1.6.1/slf4j-api-1.6.1.jar:/Users/liuivan/.m2/repository/org/slf4j/slf4j-jcl/1.6.1/slf4j-jcl-1.6.1.jar:/Users/liuivan/.m2/repository/commons-logging/commons-logging/1.1.1/commons-logging-1.1.1.jar:/Users/liuivan/.m2/repository/junit/junit/4.8.2/junit-4.8.2.jar:"/>
    <property name="java.vm.specification.version" value="1.0"/>
    <property name="sun.arch.data.model" value="64"/>
    <property name="java.home" value="/System/Library/Java/JavaVirtualMachines/1.6.0.jdk/Contents/Home"/>
    <property name="sun.java.command" value="/Users/liuivan/Workspace/Libraries/mahout-distribution-0.7/math/target/surefire/surefirebooter4805296863936761497.jar /Users/liuivan/Workspace/Libraries/mahout-distribution-0.7/math/target/surefire/surefire1218734923697695021tmp /Users/liuivan/Workspace/Libraries/mahout-distribution-0.7/math/target/surefire/surefire3937416931946396221tmp"/>
    <property name="java.specification.vendor" value="Sun Microsystems Inc."/>
    <property name="user.language" value="zh"/>
    <property name="awt.toolkit" value="apple.awt.CToolkit"/>
    <property name="java.vm.info" value="mixed mode"/>
    <property name="java.version" value="1.6.0_37"/>
    <property name="java.ext.dirs" value="/Library/Java/Extensions:/System/Library/Java/Extensions:/System/Library/Java/JavaVirtualMachines/1.6.0.jdk/Contents/Home/lib/ext"/>
    <property name="sun.boot.class.path" value="/System/Library/Java/JavaVirtualMachines/1.6.0.jdk/Contents/Classes/jsfd.jar:/System/Library/Java/JavaVirtualMachines/1.6.0.jdk/Contents/Classes/classes.jar:/System/Library/Frameworks/JavaVM.framework/Frameworks/JavaRuntimeSupport.framework/Resources/Java/JavaRuntimeSupport.jar:/System/Library/Java/JavaVirtualMachines/1.6.0.jdk/Contents/Classes/ui.jar:/System/Library/Java/JavaVirtualMachines/1.6.0.jdk/Contents/Classes/laf.jar:/System/Library/Java/JavaVirtualMachines/1.6.0.jdk/Contents/Classes/sunrsasign.jar:/System/Library/Java/JavaVirtualMachines/1.6.0.jdk/Contents/Classes/jsse.jar:/System/Library/Java/JavaVirtualMachines/1.6.0.jdk/Contents/Classes/jce.jar:/System/Library/Java/JavaVirtualMachines/1.6.0.jdk/Contents/Classes/charsets.jar"/>
    <property name="java.vendor" value="Apple Inc."/>
    <property name="localRepository" value="/Users/liuivan/.m2/repository"/>
    <property name="file.separator" value="/"/>
    <property name="java.vendor.url.bug" value="http://bugreport.apple.com/"/>
    <property name="sun.cpu.endian" value="little"/>
    <property name="sun.io.unicode.encoding" value="UnicodeLittle"/>
    <property name="mrj.version" value="1070.1.6.0_37-434"/>
    <property name="socksNonProxyHosts" value="local„ÄÅ169.254/16„ÄÅ127.0.0.1|*.local„ÄÅ169.254/16„ÄÅ127.0.0.1"/>
    <property name="ftp.nonProxyHosts" value="local„ÄÅ169.254/16„ÄÅ127.0.0.1|*.local„ÄÅ169.254/16„ÄÅ127.0.0.1"/>
    <property name="sun.cpu.isalist" value=""/>
  </properties>
  <testcase time="0.001" classname="org.apache.mahout.math.TestDenseMatrix" name="testGetQuick"/>
  <testcase time="0" classname="org.apache.mahout.math.TestDenseMatrix" name="testGet"/>
  <testcase time="0" classname="org.apache.mahout.math.TestDenseMatrix" name="testCopy"/>
  <testcase time="0" classname="org.apache.mahout.math.TestDenseMatrix" name="testCardinality"/>
  <testcase time="0.001" classname="org.apache.mahout.math.TestDenseMatrix" name="testIterate"/>
  <testcase time="0" classname="org.apache.mahout.math.TestDenseMatrix" name="testLike"/>
  <testcase time="0" classname="org.apache.mahout.math.TestDenseMatrix" name="testLikeIntInt"/>
  <testcase time="0" classname="org.apache.mahout.math.TestDenseMatrix" name="testSetQuick"/>
  <testcase time="0.001" classname="org.apache.mahout.math.TestDenseMatrix" name="testSize"/>
  <testcase time="0" classname="org.apache.mahout.math.TestDenseMatrix" name="testViewPart"/>
  <testcase time="0" classname="org.apache.mahout.math.TestDenseMatrix" name="testViewPartCardinality"/>
  <testcase time="0.001" classname="org.apache.mahout.math.TestDenseMatrix" name="testViewPartIndexOver"/>
  <testcase time="0" classname="org.apache.mahout.math.TestDenseMatrix" name="testViewPartIndexUnder"/>
  <testcase time="0" classname="org.apache.mahout.math.TestDenseMatrix" name="testAssignDouble"/>
  <testcase time="0" classname="org.apache.mahout.math.TestDenseMatrix" name="testAssignDoubleArrayArray"/>
  <testcase time="0.001" classname="org.apache.mahout.math.TestDenseMatrix" name="testAssignDoubleArrayArrayCardinality"/>
  <testcase time="0" classname="org.apache.mahout.math.TestDenseMatrix" name="testAssignMatrixBinaryFunction"/>
  <testcase time="0" classname="org.apache.mahout.math.TestDenseMatrix" name="testAssignMatrixBinaryFunctionCardinality"/>
  <testcase time="0" classname="org.apache.mahout.math.TestDenseMatrix" name="testAssignMatrix"/>
  <testcase time="0.001" classname="org.apache.mahout.math.TestDenseMatrix" name="testAssignMatrixCardinality"/>
  <testcase time="0" classname="org.apache.mahout.math.TestDenseMatrix" name="testAssignUnaryFunction"/>
  <testcase time="0" classname="org.apache.mahout.math.TestDenseMatrix" name="testRowView"/>
  <testcase time="0" classname="org.apache.mahout.math.TestDenseMatrix" name="testColumnView"/>
  <testcase time="0.001" classname="org.apache.mahout.math.TestDenseMatrix" name="testAggregateRows"/>
  <testcase time="0" classname="org.apache.mahout.math.TestDenseMatrix" name="testAggregateCols"/>
  <testcase time="0" classname="org.apache.mahout.math.TestDenseMatrix" name="testAggregate"/>
  <testcase time="0" classname="org.apache.mahout.math.TestDenseMatrix" name="testDivide"/>
  <testcase time="0.001" classname="org.apache.mahout.math.TestDenseMatrix" name="testGetIndexUnder"/>
  <testcase time="0" classname="org.apache.mahout.math.TestDenseMatrix" name="testGetIndexOver"/>
  <testcase time="0" classname="org.apache.mahout.math.TestDenseMatrix" name="testMinus"/>
  <testcase time="0.001" classname="org.apache.mahout.math.TestDenseMatrix" name="testMinusCardinality"/>
  <testcase time="0" classname="org.apache.mahout.math.TestDenseMatrix" name="testPlusDouble"/>
  <testcase time="0" classname="org.apache.mahout.math.TestDenseMatrix" name="testPlusMatrix"/>
  <testcase time="0.001" classname="org.apache.mahout.math.TestDenseMatrix" name="testPlusMatrixCardinality"/>
  <testcase time="0" classname="org.apache.mahout.math.TestDenseMatrix" name="testSetUnder"/>
  <testcase time="0" classname="org.apache.mahout.math.TestDenseMatrix" name="testSetOver"/>
  <testcase time="0.001" classname="org.apache.mahout.math.TestDenseMatrix" name="testTimesDouble"/>
  <testcase time="0" classname="org.apache.mahout.math.TestDenseMatrix" name="testTimesMatrix"/>
  <testcase time="0.001" classname="org.apache.mahout.math.TestDenseMatrix" name="testTimesVector"/>
  <testcase time="0" classname="org.apache.mahout.math.TestDenseMatrix" name="testTimesSquaredTimesVector"/>
  <testcase time="0.001" classname="org.apache.mahout.math.TestDenseMatrix" name="testTimesMatrixCardinality"/>
  <testcase time="0" classname="org.apache.mahout.math.TestDenseMatrix" name="testTranspose"/>
  <testcase time="0" classname="org.apache.mahout.math.TestDenseMatrix" name="testZSum"/>
  <testcase time="0" classname="org.apache.mahout.math.TestDenseMatrix" name="testAssignRow"/>
  <testcase time="0" classname="org.apache.mahout.math.TestDenseMatrix" name="testAssignRowCardinality"/>
  <testcase time="0.001" classname="org.apache.mahout.math.TestDenseMatrix" name="testAssignColumn"/>
  <testcase time="0" classname="org.apache.mahout.math.TestDenseMatrix" name="testAssignColumnCardinality"/>
  <testcase time="0" classname="org.apache.mahout.math.TestDenseMatrix" name="testViewRow"/>
  <testcase time="0.001" classname="org.apache.mahout.math.TestDenseMatrix" name="testViewRowIndexUnder"/>
  <testcase time="0" classname="org.apache.mahout.math.TestDenseMatrix" name="testViewRowIndexOver"/>
  <testcase time="0" classname="org.apache.mahout.math.TestDenseMatrix" name="testViewColumn"/>
  <testcase time="0.001" classname="org.apache.mahout.math.TestDenseMatrix" name="testViewColumnIndexUnder"/>
  <testcase time="0" classname="org.apache.mahout.math.TestDenseMatrix" name="testViewColumnIndexOver"/>
  <testcase time="0" classname="org.apache.mahout.math.TestDenseMatrix" name="testDeterminant"/>
  <testcase time="0" classname="org.apache.mahout.math.TestDenseMatrix" name="testLabelBindings"/>
  <testcase time="0.001" classname="org.apache.mahout.math.TestDenseMatrix" name="testSettingLabelBindings"/>
  <testcase time="0" classname="org.apache.mahout.math.TestDenseMatrix" name="testLabelBindingSerialization"/>
</testsuite>