<?xml version="1.0" encoding="UTF-8" ?>
<testsuite failures="0" time="0.873" errors="0" skipped="0" tests="2" name="org.apache.mahout.clustering.display.ClustersFilterTest">
  <properties>
    <property name="java.runtime.name" value="Java(TM) SE Runtime Environment"/>
    <property name="sun.boot.library.path" value="/System/Library/Java/JavaVirtualMachines/1.6.0.jdk/Contents/Libraries"/>
    <property name="java.vm.version" value="20.14-b01-447"/>
    <property name="awt.nativeDoubleBuffering" value="true"/>
    <property name="gopherProxySet" value="false"/>
    <property name="mrj.build" value="11M4203"/>
    <property name="java.vm.vendor" value="Apple Inc."/>
    <property name="java.vendor.url" value="http://www.apple.com/"/>
    <property name="path.separator" value=":"/>
    <property name="java.vm.name" value="Java HotSpot(TM) 64-Bit Server VM"/>
    <property name="file.encoding.pkg" value="sun.io"/>
    <property name="user.country" value="CN"/>
    <property name="sun.java.launcher" value="SUN_STANDARD"/>
    <property name="sun.os.patch.level" value="unknown"/>
    <property name="java.vm.specification.name" value="Java Virtual Machine Specification"/>
    <property name="user.dir" value="/Users/liuivan/Workspace/Libraries/mahout-distribution-0.7/examples"/>
    <property name="java.runtime.version" value="1.6.0_43-b01-447-11M4203"/>
    <property name="java.awt.graphicsenv" value="apple.awt.CGraphicsEnvironment"/>
    <property name="basedir" value="/Users/liuivan/Workspace/Libraries/mahout-distribution-0.7/examples"/>
    <property name="java.endorsed.dirs" value="/System/Library/Java/JavaVirtualMachines/1.6.0.jdk/Contents/Home/lib/endorsed"/>
    <property name="os.arch" value="x86_64"/>
    <property name="surefire.real.class.path" value="/Users/liuivan/Workspace/Libraries/mahout-distribution-0.7/examples/target/surefire/surefirebooter3128616357917636146.jar"/>
    <property name="java.io.tmpdir" value="/var/folders/ps/lb0gqrrn3770x7pk5x6_sdzr0000gn/T/"/>
    <property name="line.separator" value="
"/>
    <property name="java.vm.specification.vendor" value="Sun Microsystems Inc."/>
    <property name="os.name" value="Mac OS X"/>
    <property name="sun.jnu.encoding" value="EUC_CN"/>
    <property name="java.library.path" value=".:/Library/Java/Extensions:/System/Library/Java/Extensions:/usr/lib/java"/>
    <property name="surefire.test.class.path" value="/Users/liuivan/Workspace/Libraries/mahout-distribution-0.7/examples/target/test-classes:/Users/liuivan/Workspace/Libraries/mahout-distribution-0.7/examples/target/classes:/Users/liuivan/.m2/repository/org/apache/mahout/mahout-core/0.7/mahout-core-0.7.jar:/Users/liuivan/.m2/repository/org/codehaus/jackson/jackson-core-asl/1.8.2/jackson-core-asl-1.8.2.jar:/Users/liuivan/.m2/repository/org/codehaus/jackson/jackson-mapper-asl/1.8.2/jackson-mapper-asl-1.8.2.jar:/Users/liuivan/.m2/repository/commons-lang/commons-lang/2.6/commons-lang-2.6.jar:/Users/liuivan/.m2/repository/com/thoughtworks/xstream/xstream/1.3.1/xstream-1.3.1.jar:/Users/liuivan/.m2/repository/xpp3/xpp3_min/1.1.4c/xpp3_min-1.1.4c.jar:/Users/liuivan/.m2/repository/org/apache/mahout/commons/commons-cli/2.0-mahout/commons-cli-2.0-mahout.jar:/Users/liuivan/.m2/repository/org/apache/commons/commons-math/2.2/commons-math-2.2.jar:/Users/liuivan/.m2/repository/org/apache/hadoop/hadoop-core/0.20.204.0/hadoop-core-0.20.204.0.jar:/Users/liuivan/.m2/repository/commons-cli/commons-cli/1.2/commons-cli-1.2.jar:/Users/liuivan/.m2/repository/commons-httpclient/commons-httpclient/3.0.1/commons-httpclient-3.0.1.jar:/Users/liuivan/.m2/repository/commons-codec/commons-codec/1.4/commons-codec-1.4.jar:/Users/liuivan/.m2/repository/commons-configuration/commons-configuration/1.6/commons-configuration-1.6.jar:/Users/liuivan/.m2/repository/commons-digester/commons-digester/1.8/commons-digester-1.8.jar:/Users/liuivan/.m2/repository/commons-beanutils/commons-beanutils/1.7.0/commons-beanutils-1.7.0.jar:/Users/liuivan/.m2/repository/commons-beanutils/commons-beanutils-core/1.8.0/commons-beanutils-core-1.8.0.jar:/Users/liuivan/.m2/repository/org/apache/mahout/mahout-core/0.7/mahout-core-0.7-tests.jar:/Users/liuivan/.m2/repository/org/apache/mahout/mahout-math/0.7/mahout-math-0.7.jar:/Users/liuivan/.m2/repository/org/uncommons/maths/uncommons-maths/1.2.2/uncommons-maths-1.2.2.jar:/Users/liuivan/.m2/repository/jfree/jcommon/1.0.12/jcommon-1.0.12.jar:/Users/liuivan/.m2/repository/com/google/guava/guava/r09/guava-r09.jar:/Users/liuivan/.m2/repository/org/apache/mahout/mahout-math/0.7/mahout-math-0.7-tests.jar:/Users/liuivan/.m2/repository/org/apache/mahout/mahout-integration/0.7/mahout-integration-0.7.jar:/Users/liuivan/.m2/repository/commons-dbcp/commons-dbcp/1.4/commons-dbcp-1.4.jar:/Users/liuivan/.m2/repository/commons-pool/commons-pool/1.5.6/commons-pool-1.5.6.jar:/Users/liuivan/.m2/repository/org/apache/solr/solr-commons-csv/3.5.0/solr-commons-csv-3.5.0.jar:/Users/liuivan/.m2/repository/commons-io/commons-io/2.0.1/commons-io-2.0.1.jar:/Users/liuivan/.m2/repository/org/mongodb/mongo-java-driver/2.5/mongo-java-driver-2.5.jar:/Users/liuivan/.m2/repository/org/mongodb/bson/2.5/bson-2.5.jar:/Users/liuivan/.m2/repository/org/apache/cassandra/cassandra-all/0.8.1/cassandra-all-0.8.1.jar:/Users/liuivan/.m2/repository/commons-collections/commons-collections/3.2.1/commons-collections-3.2.1.jar:/Users/liuivan/.m2/repository/com/googlecode/concurrentlinkedhashmap/concurrentlinkedhashmap-lru/1.1/concurrentlinkedhashmap-lru-1.1.jar:/Users/liuivan/.m2/repository/org/antlr/antlr/3.2/antlr-3.2.jar:/Users/liuivan/.m2/repository/org/antlr/antlr-runtime/3.2/antlr-runtime-3.2.jar:/Users/liuivan/.m2/repository/org/antlr/stringtemplate/3.2/stringtemplate-3.2.jar:/Users/liuivan/.m2/repository/antlr/antlr/2.7.7/antlr-2.7.7.jar:/Users/liuivan/.m2/repository/org/apache/cassandra/deps/avro/1.4.0-cassandra-1/avro-1.4.0-cassandra-1.jar:/Users/liuivan/.m2/repository/org/mortbay/jetty/jetty/6.1.22/jetty-6.1.22.jar:/Users/liuivan/.m2/repository/org/mortbay/jetty/jetty-util/6.1.22/jetty-util-6.1.22.jar:/Users/liuivan/.m2/repository/org/mortbay/jetty/servlet-api/2.5-20081211/servlet-api-2.5-20081211.jar:/Users/liuivan/.m2/repository/jline/jline/0.9.94/jline-0.9.94.jar:/Users/liuivan/.m2/repository/com/googlecode/json-simple/json-simple/1.1/json-simple-1.1.jar:/Users/liuivan/.m2/repository/com/github/stephenc/high-scale-lib/high-scale-lib/1.1.2/high-scale-lib-1.1.2.jar:/Users/liuivan/.m2/repository/org/yaml/snakeyaml/1.6/snakeyaml-1.6.jar:/Users/liuivan/.m2/repository/log4j/log4j/1.2.16/log4j-1.2.16.jar:/Users/liuivan/.m2/repository/org/apache/thrift/libthrift/0.6.1/libthrift-0.6.1.jar:/Users/liuivan/.m2/repository/javax/servlet/servlet-api/2.5/servlet-api-2.5.jar:/Users/liuivan/.m2/repository/org/apache/httpcomponents/httpclient/4.0.1/httpclient-4.0.1.jar:/Users/liuivan/.m2/repository/org/apache/httpcomponents/httpcore/4.0.1/httpcore-4.0.1.jar:/Users/liuivan/.m2/repository/org/apache/cassandra/cassandra-thrift/0.8.1/cassandra-thrift-0.8.1.jar:/Users/liuivan/.m2/repository/com/github/stephenc/jamm/0.2.2/jamm-0.2.2.jar:/Users/liuivan/.m2/repository/me/prettyprint/hector-core/0.8.0-2/hector-core-0.8.0-2.jar:/Users/liuivan/.m2/repository/org/slf4j/jul-to-slf4j/1.6.1/jul-to-slf4j-1.6.1.jar:/Users/liuivan/.m2/repository/com/github/stephenc/eaio-uuid/uuid/3.2.0/uuid-3.2.0.jar:/Users/liuivan/.m2/repository/com/ecyrd/speed4j/speed4j/0.9/speed4j-0.9.jar:/Users/liuivan/.m2/repository/org/apache/lucene/lucene-benchmark/3.6.0/lucene-benchmark-3.6.0.jar:/Users/liuivan/.m2/repository/org/apache/lucene/lucene-highlighter/3.6.0/lucene-highlighter-3.6.0.jar:/Users/liuivan/.m2/repository/org/apache/lucene/lucene-memory/3.6.0/lucene-memory-3.6.0.jar:/Users/liuivan/.m2/repository/org/apache/lucene/lucene-facet/3.6.0/lucene-facet-3.6.0.jar:/Users/liuivan/.m2/repository/com/ibm/icu/icu4j/4.8.1.1/icu4j-4.8.1.1.jar:/Users/liuivan/.m2/repository/org/apache/commons/commons-compress/1.2/commons-compress-1.2.jar:/Users/liuivan/.m2/repository/xerces/xercesImpl/2.9.1/xercesImpl-2.9.1.jar:/Users/liuivan/.m2/repository/xml-apis/xml-apis/1.3.04/xml-apis-1.3.04.jar:/Users/liuivan/.m2/repository/org/apache/lucene/lucene-analyzers/3.6.0/lucene-analyzers-3.6.0.jar:/Users/liuivan/.m2/repository/org/easymock/easymock/3.0/easymock-3.0.jar:/Users/liuivan/.m2/repository/cglib/cglib-nodep/2.2/cglib-nodep-2.2.jar:/Users/liuivan/.m2/repository/org/objenesis/objenesis/1.2/objenesis-1.2.jar:/Users/liuivan/.m2/repository/junit/junit/4.8.2/junit-4.8.2.jar:/Users/liuivan/.m2/repository/org/slf4j/slf4j-api/1.6.1/slf4j-api-1.6.1.jar:/Users/liuivan/.m2/repository/org/slf4j/slf4j-jcl/1.6.1/slf4j-jcl-1.6.1.jar:/Users/liuivan/.m2/repository/commons-logging/commons-logging/1.1.1/commons-logging-1.1.1.jar:/Users/liuivan/.m2/repository/com/microsoft/sqlserver/sqljdbc4/4.0/sqljdbc4-4.0.jar:/Users/liuivan/.m2/repository/com/microsoft/windowsazure/microsoft-windowsazure-api/0.4.0/microsoft-windowsazure-api-0.4.0.jar:/Users/liuivan/.m2/repository/com/sun/jersey/jersey-client/1.13/jersey-client-1.13.jar:/Users/liuivan/.m2/repository/com/sun/jersey/jersey-core/1.13/jersey-core-1.13.jar:/Users/liuivan/.m2/repository/javax/inject/javax.inject/1/javax.inject-1.jar:/Users/liuivan/.m2/repository/com/sun/jersey/jersey-json/1.13/jersey-json-1.13.jar:/Users/liuivan/.m2/repository/org/codehaus/jettison/jettison/1.1/jettison-1.1.jar:/Users/liuivan/.m2/repository/stax/stax-api/1.0.1/stax-api-1.0.1.jar:/Users/liuivan/.m2/repository/com/sun/xml/bind/jaxb-impl/2.2.3-1/jaxb-impl-2.2.3-1.jar:/Users/liuivan/.m2/repository/javax/xml/bind/jaxb-api/2.2.2/jaxb-api-2.2.2.jar:/Users/liuivan/.m2/repository/javax/xml/stream/stax-api/1.0-2/stax-api-1.0-2.jar:/Users/liuivan/.m2/repository/org/codehaus/jackson/jackson-jaxrs/1.9.2/jackson-jaxrs-1.9.2.jar:/Users/liuivan/.m2/repository/org/codehaus/jackson/jackson-xc/1.9.2/jackson-xc-1.9.2.jar:/Users/liuivan/.m2/repository/javax/mail/mail/1.4.5/mail-1.4.5.jar:/Users/liuivan/.m2/repository/javax/activation/activation/1.1/activation-1.1.jar:/Users/liuivan/.m2/repository/org/apache/commons/commons-lang3/3.1/commons-lang3-3.1.jar:/Users/liuivan/.m2/repository/org/apache/tika/tika-app/1.3/tika-app-1.3.jar:/Users/liuivan/.m2/repository/org/apache/tika/tika-parsers/1.3/tika-parsers-1.3.jar:/Users/liuivan/.m2/repository/org/apache/tika/tika-core/1.3/tika-core-1.3.jar:/Users/liuivan/.m2/repository/org/gagravarr/vorbis-java-tika/0.1/vorbis-java-tika-0.1.jar:/Users/liuivan/.m2/repository/org/gagravarr/vorbis-java-core/0.1/vorbis-java-core-0.1-tests.jar:/Users/liuivan/.m2/repository/edu/ucar/netcdf/4.2-min/netcdf-4.2-min.jar:/Users/liuivan/.m2/repository/org/apache/james/apache-mime4j-core/0.7.2/apache-mime4j-core-0.7.2.jar:/Users/liuivan/.m2/repository/org/apache/james/apache-mime4j-dom/0.7.2/apache-mime4j-dom-0.7.2.jar:/Users/liuivan/.m2/repository/org/apache/pdfbox/pdfbox/1.7.1/pdfbox-1.7.1.jar:/Users/liuivan/.m2/repository/org/apache/pdfbox/fontbox/1.7.1/fontbox-1.7.1.jar:/Users/liuivan/.m2/repository/org/apache/pdfbox/jempbox/1.7.1/jempbox-1.7.1.jar:/Users/liuivan/.m2/repository/org/bouncycastle/bcmail-jdk15/1.45/bcmail-jdk15-1.45.jar:/Users/liuivan/.m2/repository/org/bouncycastle/bcprov-jdk15/1.45/bcprov-jdk15-1.45.jar:/Users/liuivan/.m2/repository/org/apache/poi/poi/3.8/poi-3.8.jar:/Users/liuivan/.m2/repository/org/apache/poi/poi-scratchpad/3.8/poi-scratchpad-3.8.jar:/Users/liuivan/.m2/repository/org/apache/poi/poi-ooxml/3.8/poi-ooxml-3.8.jar:/Users/liuivan/.m2/repository/org/apache/poi/poi-ooxml-schemas/3.8/poi-ooxml-schemas-3.8.jar:/Users/liuivan/.m2/repository/org/apache/xmlbeans/xmlbeans/2.3.0/xmlbeans-2.3.0.jar:/Users/liuivan/.m2/repository/dom4j/dom4j/1.6.1/dom4j-1.6.1.jar:/Users/liuivan/.m2/repository/org/apache/geronimo/specs/geronimo-stax-api_1.0_spec/1.0.1/geronimo-stax-api_1.0_spec-1.0.1.jar:/Users/liuivan/.m2/repository/org/ccil/cowan/tagsoup/tagsoup/1.2.1/tagsoup-1.2.1.jar:/Users/liuivan/.m2/repository/asm/asm/3.1/asm-3.1.jar:/Users/liuivan/.m2/repository/com/googlecode/mp4parser/isoparser/1.0-RC-1/isoparser-1.0-RC-1.jar:/Users/liuivan/.m2/repository/org/aspectj/aspectjrt/1.6.11/aspectjrt-1.6.11.jar:/Users/liuivan/.m2/repository/com/drewnoakes/metadata-extractor/2.6.2/metadata-extractor-2.6.2.jar:/Users/liuivan/.m2/repository/de/l3s/boilerpipe/boilerpipe/1.1.0/boilerpipe-1.1.0.jar:/Users/liuivan/.m2/repository/rome/rome/0.9/rome-0.9.jar:/Users/liuivan/.m2/repository/jdom/jdom/1.0/jdom-1.0.jar:/Users/liuivan/.m2/repository/org/gagravarr/vorbis-java-core/0.1/vorbis-java-core-0.1.jar:/Users/liuivan/.m2/repository/com/googlecode/juniversalchardet/juniversalchardet/1.0.3/juniversalchardet-1.0.3.jar:/Users/liuivan/.m2/repository/org/apache/tika/tika-xmp/1.3/tika-xmp-1.3.jar:/Users/liuivan/.m2/repository/com/adobe/xmp/xmpcore/5.1.2/xmpcore-5.1.2.jar:/Users/liuivan/.m2/repository/org/slf4j/slf4j-log4j12/1.5.6/slf4j-log4j12-1.5.6.jar:/Users/liuivan/.m2/repository/com/google/code/gson/gson/1.7.1/gson-1.7.1.jar:/Users/liuivan/.m2/repository/org/apache/lucene/lucene-core/4.1.0/lucene-core-4.1.0.jar:/Users/liuivan/.m2/repository/org/apache/lucene/lucene-analyzers-smartcn/4.1.0/lucene-analyzers-smartcn-4.1.0.jar:/Users/liuivan/.m2/repository/org/apache/lucene/lucene-analyzers-common/4.1.0/lucene-analyzers-common-4.1.0.jar:/Users/liuivan/.m2/repository/org/apache/lucene/lucene-queryparser/4.1.0/lucene-queryparser-4.1.0.jar:/Users/liuivan/.m2/repository/org/apache/lucene/lucene-queries/4.1.0/lucene-queries-4.1.0.jar:/Users/liuivan/.m2/repository/org/apache/lucene/lucene-sandbox/4.1.0/lucene-sandbox-4.1.0.jar:/Users/liuivan/.m2/repository/jakarta-regexp/jakarta-regexp/1.4/jakarta-regexp-1.4.jar:/Users/liuivan/.m2/repository/org/apache/commons/commons-math3/3.0/commons-math3-3.0.jar:"/>
    <property name="java.specification.name" value="Java Platform API Specification"/>
    <property name="java.class.version" value="50.0"/>
    <property name="sun.management.compiler" value="HotSpot 64-Bit Tiered Compilers"/>
    <property name="os.version" value="10.7.5"/>
    <property name="http.nonProxyHosts" value="local„ÄÅ169.254/16„ÄÅ127.0.0.1|*.local„ÄÅ169.254/16„ÄÅ127.0.0.1"/>
    <property name="user.home" value="/Users/liuivan"/>
    <property name="user.timezone" value="Asia/Shanghai"/>
    <property name="java.awt.printerjob" value="apple.awt.CPrinterJob"/>
    <property name="java.specification.version" value="1.6"/>
    <property name="file.encoding" value="EUC_CN"/>
    <property name="user.name" value="liuivan"/>
    <property name="java.class.path" value="/Users/liuivan/Workspace/Libraries/mahout-distribution-0.7/examples/target/test-classes:/Users/liuivan/Workspace/Libraries/mahout-distribution-0.7/examples/target/classes:/Users/liuivan/.m2/repository/org/apache/mahout/mahout-core/0.7/mahout-core-0.7.jar:/Users/liuivan/.m2/repository/org/codehaus/jackson/jackson-core-asl/1.8.2/jackson-core-asl-1.8.2.jar:/Users/liuivan/.m2/repository/org/codehaus/jackson/jackson-mapper-asl/1.8.2/jackson-mapper-asl-1.8.2.jar:/Users/liuivan/.m2/repository/commons-lang/commons-lang/2.6/commons-lang-2.6.jar:/Users/liuivan/.m2/repository/com/thoughtworks/xstream/xstream/1.3.1/xstream-1.3.1.jar:/Users/liuivan/.m2/repository/xpp3/xpp3_min/1.1.4c/xpp3_min-1.1.4c.jar:/Users/liuivan/.m2/repository/org/apache/mahout/commons/commons-cli/2.0-mahout/commons-cli-2.0-mahout.jar:/Users/liuivan/.m2/repository/org/apache/commons/commons-math/2.2/commons-math-2.2.jar:/Users/liuivan/.m2/repository/org/apache/hadoop/hadoop-core/0.20.204.0/hadoop-core-0.20.204.0.jar:/Users/liuivan/.m2/repository/commons-cli/commons-cli/1.2/commons-cli-1.2.jar:/Users/liuivan/.m2/repository/commons-httpclient/commons-httpclient/3.0.1/commons-httpclient-3.0.1.jar:/Users/liuivan/.m2/repository/commons-codec/commons-codec/1.4/commons-codec-1.4.jar:/Users/liuivan/.m2/repository/commons-configuration/commons-configuration/1.6/commons-configuration-1.6.jar:/Users/liuivan/.m2/repository/commons-digester/commons-digester/1.8/commons-digester-1.8.jar:/Users/liuivan/.m2/repository/commons-beanutils/commons-beanutils/1.7.0/commons-beanutils-1.7.0.jar:/Users/liuivan/.m2/repository/commons-beanutils/commons-beanutils-core/1.8.0/commons-beanutils-core-1.8.0.jar:/Users/liuivan/.m2/repository/org/apache/mahout/mahout-core/0.7/mahout-core-0.7-tests.jar:/Users/liuivan/.m2/repository/org/apache/mahout/mahout-math/0.7/mahout-math-0.7.jar:/Users/liuivan/.m2/repository/org/uncommons/maths/uncommons-maths/1.2.2/uncommons-maths-1.2.2.jar:/Users/liuivan/.m2/repository/jfree/jcommon/1.0.12/jcommon-1.0.12.jar:/Users/liuivan/.m2/repository/com/google/guava/guava/r09/guava-r09.jar:/Users/liuivan/.m2/repository/org/apache/mahout/mahout-math/0.7/mahout-math-0.7-tests.jar:/Users/liuivan/.m2/repository/org/apache/mahout/mahout-integration/0.7/mahout-integration-0.7.jar:/Users/liuivan/.m2/repository/commons-dbcp/commons-dbcp/1.4/commons-dbcp-1.4.jar:/Users/liuivan/.m2/repository/commons-pool/commons-pool/1.5.6/commons-pool-1.5.6.jar:/Users/liuivan/.m2/repository/org/apache/solr/solr-commons-csv/3.5.0/solr-commons-csv-3.5.0.jar:/Users/liuivan/.m2/repository/commons-io/commons-io/2.0.1/commons-io-2.0.1.jar:/Users/liuivan/.m2/repository/org/mongodb/mongo-java-driver/2.5/mongo-java-driver-2.5.jar:/Users/liuivan/.m2/repository/org/mongodb/bson/2.5/bson-2.5.jar:/Users/liuivan/.m2/repository/org/apache/cassandra/cassandra-all/0.8.1/cassandra-all-0.8.1.jar:/Users/liuivan/.m2/repository/commons-collections/commons-collections/3.2.1/commons-collections-3.2.1.jar:/Users/liuivan/.m2/repository/com/googlecode/concurrentlinkedhashmap/concurrentlinkedhashmap-lru/1.1/concurrentlinkedhashmap-lru-1.1.jar:/Users/liuivan/.m2/repository/org/antlr/antlr/3.2/antlr-3.2.jar:/Users/liuivan/.m2/repository/org/antlr/antlr-runtime/3.2/antlr-runtime-3.2.jar:/Users/liuivan/.m2/repository/org/antlr/stringtemplate/3.2/stringtemplate-3.2.jar:/Users/liuivan/.m2/repository/antlr/antlr/2.7.7/antlr-2.7.7.jar:/Users/liuivan/.m2/repository/org/apache/cassandra/deps/avro/1.4.0-cassandra-1/avro-1.4.0-cassandra-1.jar:/Users/liuivan/.m2/repository/org/mortbay/jetty/jetty/6.1.22/jetty-6.1.22.jar:/Users/liuivan/.m2/repository/org/mortbay/jetty/jetty-util/6.1.22/jetty-util-6.1.22.jar:/Users/liuivan/.m2/repository/org/mortbay/jetty/servlet-api/2.5-20081211/servlet-api-2.5-20081211.jar:/Users/liuivan/.m2/repository/jline/jline/0.9.94/jline-0.9.94.jar:/Users/liuivan/.m2/repository/com/googlecode/json-simple/json-simple/1.1/json-simple-1.1.jar:/Users/liuivan/.m2/repository/com/github/stephenc/high-scale-lib/high-scale-lib/1.1.2/high-scale-lib-1.1.2.jar:/Users/liuivan/.m2/repository/org/yaml/snakeyaml/1.6/snakeyaml-1.6.jar:/Users/liuivan/.m2/repository/log4j/log4j/1.2.16/log4j-1.2.16.jar:/Users/liuivan/.m2/repository/org/apache/thrift/libthrift/0.6.1/libthrift-0.6.1.jar:/Users/liuivan/.m2/repository/javax/servlet/servlet-api/2.5/servlet-api-2.5.jar:/Users/liuivan/.m2/repository/org/apache/httpcomponents/httpclient/4.0.1/httpclient-4.0.1.jar:/Users/liuivan/.m2/repository/org/apache/httpcomponents/httpcore/4.0.1/httpcore-4.0.1.jar:/Users/liuivan/.m2/repository/org/apache/cassandra/cassandra-thrift/0.8.1/cassandra-thrift-0.8.1.jar:/Users/liuivan/.m2/repository/com/github/stephenc/jamm/0.2.2/jamm-0.2.2.jar:/Users/liuivan/.m2/repository/me/prettyprint/hector-core/0.8.0-2/hector-core-0.8.0-2.jar:/Users/liuivan/.m2/repository/org/slf4j/jul-to-slf4j/1.6.1/jul-to-slf4j-1.6.1.jar:/Users/liuivan/.m2/repository/com/github/stephenc/eaio-uuid/uuid/3.2.0/uuid-3.2.0.jar:/Users/liuivan/.m2/repository/com/ecyrd/speed4j/speed4j/0.9/speed4j-0.9.jar:/Users/liuivan/.m2/repository/org/apache/lucene/lucene-benchmark/3.6.0/lucene-benchmark-3.6.0.jar:/Users/liuivan/.m2/repository/org/apache/lucene/lucene-highlighter/3.6.0/lucene-highlighter-3.6.0.jar:/Users/liuivan/.m2/repository/org/apache/lucene/lucene-memory/3.6.0/lucene-memory-3.6.0.jar:/Users/liuivan/.m2/repository/org/apache/lucene/lucene-facet/3.6.0/lucene-facet-3.6.0.jar:/Users/liuivan/.m2/repository/com/ibm/icu/icu4j/4.8.1.1/icu4j-4.8.1.1.jar:/Users/liuivan/.m2/repository/org/apache/commons/commons-compress/1.2/commons-compress-1.2.jar:/Users/liuivan/.m2/repository/xerces/xercesImpl/2.9.1/xercesImpl-2.9.1.jar:/Users/liuivan/.m2/repository/xml-apis/xml-apis/1.3.04/xml-apis-1.3.04.jar:/Users/liuivan/.m2/repository/org/apache/lucene/lucene-analyzers/3.6.0/lucene-analyzers-3.6.0.jar:/Users/liuivan/.m2/repository/org/easymock/easymock/3.0/easymock-3.0.jar:/Users/liuivan/.m2/repository/cglib/cglib-nodep/2.2/cglib-nodep-2.2.jar:/Users/liuivan/.m2/repository/org/objenesis/objenesis/1.2/objenesis-1.2.jar:/Users/liuivan/.m2/repository/junit/junit/4.8.2/junit-4.8.2.jar:/Users/liuivan/.m2/repository/org/slf4j/slf4j-api/1.6.1/slf4j-api-1.6.1.jar:/Users/liuivan/.m2/repository/org/slf4j/slf4j-jcl/1.6.1/slf4j-jcl-1.6.1.jar:/Users/liuivan/.m2/repository/commons-logging/commons-logging/1.1.1/commons-logging-1.1.1.jar:/Users/liuivan/.m2/repository/com/microsoft/sqlserver/sqljdbc4/4.0/sqljdbc4-4.0.jar:/Users/liuivan/.m2/repository/com/microsoft/windowsazure/microsoft-windowsazure-api/0.4.0/microsoft-windowsazure-api-0.4.0.jar:/Users/liuivan/.m2/repository/com/sun/jersey/jersey-client/1.13/jersey-client-1.13.jar:/Users/liuivan/.m2/repository/com/sun/jersey/jersey-core/1.13/jersey-core-1.13.jar:/Users/liuivan/.m2/repository/javax/inject/javax.inject/1/javax.inject-1.jar:/Users/liuivan/.m2/repository/com/sun/jersey/jersey-json/1.13/jersey-json-1.13.jar:/Users/liuivan/.m2/repository/org/codehaus/jettison/jettison/1.1/jettison-1.1.jar:/Users/liuivan/.m2/repository/stax/stax-api/1.0.1/stax-api-1.0.1.jar:/Users/liuivan/.m2/repository/com/sun/xml/bind/jaxb-impl/2.2.3-1/jaxb-impl-2.2.3-1.jar:/Users/liuivan/.m2/repository/javax/xml/bind/jaxb-api/2.2.2/jaxb-api-2.2.2.jar:/Users/liuivan/.m2/repository/javax/xml/stream/stax-api/1.0-2/stax-api-1.0-2.jar:/Users/liuivan/.m2/repository/org/codehaus/jackson/jackson-jaxrs/1.9.2/jackson-jaxrs-1.9.2.jar:/Users/liuivan/.m2/repository/org/codehaus/jackson/jackson-xc/1.9.2/jackson-xc-1.9.2.jar:/Users/liuivan/.m2/repository/javax/mail/mail/1.4.5/mail-1.4.5.jar:/Users/liuivan/.m2/repository/javax/activation/activation/1.1/activation-1.1.jar:/Users/liuivan/.m2/repository/org/apache/commons/commons-lang3/3.1/commons-lang3-3.1.jar:/Users/liuivan/.m2/repository/org/apache/tika/tika-app/1.3/tika-app-1.3.jar:/Users/liuivan/.m2/repository/org/apache/tika/tika-parsers/1.3/tika-parsers-1.3.jar:/Users/liuivan/.m2/repository/org/apache/tika/tika-core/1.3/tika-core-1.3.jar:/Users/liuivan/.m2/repository/org/gagravarr/vorbis-java-tika/0.1/vorbis-java-tika-0.1.jar:/Users/liuivan/.m2/repository/org/gagravarr/vorbis-java-core/0.1/vorbis-java-core-0.1-tests.jar:/Users/liuivan/.m2/repository/edu/ucar/netcdf/4.2-min/netcdf-4.2-min.jar:/Users/liuivan/.m2/repository/org/apache/james/apache-mime4j-core/0.7.2/apache-mime4j-core-0.7.2.jar:/Users/liuivan/.m2/repository/org/apache/james/apache-mime4j-dom/0.7.2/apache-mime4j-dom-0.7.2.jar:/Users/liuivan/.m2/repository/org/apache/pdfbox/pdfbox/1.7.1/pdfbox-1.7.1.jar:/Users/liuivan/.m2/repository/org/apache/pdfbox/fontbox/1.7.1/fontbox-1.7.1.jar:/Users/liuivan/.m2/repository/org/apache/pdfbox/jempbox/1.7.1/jempbox-1.7.1.jar:/Users/liuivan/.m2/repository/org/bouncycastle/bcmail-jdk15/1.45/bcmail-jdk15-1.45.jar:/Users/liuivan/.m2/repository/org/bouncycastle/bcprov-jdk15/1.45/bcprov-jdk15-1.45.jar:/Users/liuivan/.m2/repository/org/apache/poi/poi/3.8/poi-3.8.jar:/Users/liuivan/.m2/repository/org/apache/poi/poi-scratchpad/3.8/poi-scratchpad-3.8.jar:/Users/liuivan/.m2/repository/org/apache/poi/poi-ooxml/3.8/poi-ooxml-3.8.jar:/Users/liuivan/.m2/repository/org/apache/poi/poi-ooxml-schemas/3.8/poi-ooxml-schemas-3.8.jar:/Users/liuivan/.m2/repository/org/apache/xmlbeans/xmlbeans/2.3.0/xmlbeans-2.3.0.jar:/Users/liuivan/.m2/repository/dom4j/dom4j/1.6.1/dom4j-1.6.1.jar:/Users/liuivan/.m2/repository/org/apache/geronimo/specs/geronimo-stax-api_1.0_spec/1.0.1/geronimo-stax-api_1.0_spec-1.0.1.jar:/Users/liuivan/.m2/repository/org/ccil/cowan/tagsoup/tagsoup/1.2.1/tagsoup-1.2.1.jar:/Users/liuivan/.m2/repository/asm/asm/3.1/asm-3.1.jar:/Users/liuivan/.m2/repository/com/googlecode/mp4parser/isoparser/1.0-RC-1/isoparser-1.0-RC-1.jar:/Users/liuivan/.m2/repository/org/aspectj/aspectjrt/1.6.11/aspectjrt-1.6.11.jar:/Users/liuivan/.m2/repository/com/drewnoakes/metadata-extractor/2.6.2/metadata-extractor-2.6.2.jar:/Users/liuivan/.m2/repository/de/l3s/boilerpipe/boilerpipe/1.1.0/boilerpipe-1.1.0.jar:/Users/liuivan/.m2/repository/rome/rome/0.9/rome-0.9.jar:/Users/liuivan/.m2/repository/jdom/jdom/1.0/jdom-1.0.jar:/Users/liuivan/.m2/repository/org/gagravarr/vorbis-java-core/0.1/vorbis-java-core-0.1.jar:/Users/liuivan/.m2/repository/com/googlecode/juniversalchardet/juniversalchardet/1.0.3/juniversalchardet-1.0.3.jar:/Users/liuivan/.m2/repository/org/apache/tika/tika-xmp/1.3/tika-xmp-1.3.jar:/Users/liuivan/.m2/repository/com/adobe/xmp/xmpcore/5.1.2/xmpcore-5.1.2.jar:/Users/liuivan/.m2/repository/org/slf4j/slf4j-log4j12/1.5.6/slf4j-log4j12-1.5.6.jar:/Users/liuivan/.m2/repository/com/google/code/gson/gson/1.7.1/gson-1.7.1.jar:/Users/liuivan/.m2/repository/org/apache/lucene/lucene-core/4.1.0/lucene-core-4.1.0.jar:/Users/liuivan/.m2/repository/org/apache/lucene/lucene-analyzers-smartcn/4.1.0/lucene-analyzers-smartcn-4.1.0.jar:/Users/liuivan/.m2/repository/org/apache/lucene/lucene-analyzers-common/4.1.0/lucene-analyzers-common-4.1.0.jar:/Users/liuivan/.m2/repository/org/apache/lucene/lucene-queryparser/4.1.0/lucene-queryparser-4.1.0.jar:/Users/liuivan/.m2/repository/org/apache/lucene/lucene-queries/4.1.0/lucene-queries-4.1.0.jar:/Users/liuivan/.m2/repository/org/apache/lucene/lucene-sandbox/4.1.0/lucene-sandbox-4.1.0.jar:/Users/liuivan/.m2/repository/jakarta-regexp/jakarta-regexp/1.4/jakarta-regexp-1.4.jar:/Users/liuivan/.m2/repository/org/apache/commons/commons-math3/3.0/commons-math3-3.0.jar:"/>
    <property name="java.vm.specification.version" value="1.0"/>
    <property name="sun.arch.data.model" value="64"/>
    <property name="java.home" value="/System/Library/Java/JavaVirtualMachines/1.6.0.jdk/Contents/Home"/>
    <property name="sun.java.command" value="/Users/liuivan/Workspace/Libraries/mahout-distribution-0.7/examples/target/surefire/surefirebooter3128616357917636146.jar /Users/liuivan/Workspace/Libraries/mahout-distribution-0.7/examples/target/surefire/surefire8462125533175566435tmp /Users/liuivan/Workspace/Libraries/mahout-distribution-0.7/examples/target/surefire/surefire8647665430181250330tmp"/>
    <property name="java.specification.vendor" value="Sun Microsystems Inc."/>
    <property name="user.language" value="zh"/>
    <property name="awt.toolkit" value="apple.awt.CToolkit"/>
    <property name="java.vm.info" value="mixed mode"/>
    <property name="java.version" value="1.6.0_43"/>
    <property name="java.ext.dirs" value="/Library/Java/Extensions:/System/Library/Java/Extensions:/System/Library/Java/JavaVirtualMachines/1.6.0.jdk/Contents/Home/lib/ext"/>
    <property name="sun.boot.class.path" value="/System/Library/Java/JavaVirtualMachines/1.6.0.jdk/Contents/Classes/jsfd.jar:/System/Library/Java/JavaVirtualMachines/1.6.0.jdk/Contents/Classes/classes.jar:/System/Library/Frameworks/JavaVM.framework/Frameworks/JavaRuntimeSupport.framework/Resources/Java/JavaRuntimeSupport.jar:/System/Library/Java/JavaVirtualMachines/1.6.0.jdk/Contents/Classes/ui.jar:/System/Library/Java/JavaVirtualMachines/1.6.0.jdk/Contents/Classes/laf.jar:/System/Library/Java/JavaVirtualMachines/1.6.0.jdk/Contents/Classes/sunrsasign.jar:/System/Library/Java/JavaVirtualMachines/1.6.0.jdk/Contents/Classes/jsse.jar:/System/Library/Java/JavaVirtualMachines/1.6.0.jdk/Contents/Classes/jce.jar:/System/Library/Java/JavaVirtualMachines/1.6.0.jdk/Contents/Classes/charsets.jar"/>
    <property name="java.vendor" value="Apple Inc."/>
    <property name="localRepository" value="/Users/liuivan/.m2/repository"/>
    <property name="file.separator" value="/"/>
    <property name="java.vendor.url.bug" value="http://bugreport.apple.com/"/>
    <property name="sun.cpu.endian" value="little"/>
    <property name="sun.io.unicode.encoding" value="UnicodeLittle"/>
    <property name="mrj.version" value="1070.1.6.0_43-447"/>
    <property name="socksNonProxyHosts" value="local„ÄÅ169.254/16„ÄÅ127.0.0.1|*.local„ÄÅ169.254/16„ÄÅ127.0.0.1"/>
    <property name="ftp.nonProxyHosts" value="local„ÄÅ169.254/16„ÄÅ127.0.0.1|*.local„ÄÅ169.254/16„ÄÅ127.0.0.1"/>
    <property name="sun.cpu.isalist" value=""/>
  </properties>
  <testcase time="0.775" classname="org.apache.mahout.clustering.display.ClustersFilterTest" name="testAccept_notFinal"/>
  <testcase time="0.091" classname="org.apache.mahout.clustering.display.ClustersFilterTest" name="testAccept_finalPath"/>
</testsuite>